<?xml version="1.0" encoding="UTF-8"?>
<!-- Generated by org.testng.reporters.JUnitReportReporter -->
<testsuite hostname="DESKTOP-OL5560M" name="mercuryTours.TestCases.RegistrationWithMultipleInput" tests="2" failures="0" timestamp="11 Apr 2019 17:18:40 GMT" time="90.745" errors="0">
  <testcase name="RegistrationWithMultipleInput" time="36.742" classname="mercuryTours.TestCases.RegistrationWithMultipleInput"/>
  <testcase name="RegistrationWithMultipleInput" time="54.003" classname="mercuryTours.TestCases.RegistrationWithMultipleInput"/>
</testsuite> <!-- mercuryTours.TestCases.RegistrationWithMultipleInput -->
