<?xml version="1.0" encoding="UTF-8"?>
<!-- Generated by org.testng.reporters.JUnitReportReporter -->
<testsuite hostname="DESKTOP-OL5560M" name="mercuryTours.TestCases.LoginWithMultipleInput" tests="2" failures="0" timestamp="11 Apr 2019 17:18:40 GMT" time="75.649" errors="0">
  <testcase name="loginWithMultipleInput" time="43.067" classname="mercuryTours.TestCases.LoginWithMultipleInput"/>
  <testcase name="loginWithMultipleInput" time="32.582" classname="mercuryTours.TestCases.LoginWithMultipleInput"/>
</testsuite> <!-- mercuryTours.TestCases.LoginWithMultipleInput -->
