<?xml version="1.0" encoding="UTF-8"?>
<!-- Generated by org.testng.reporters.JUnitReportReporter -->
<testsuite hostname="DESKTOP-OL5560M" name="mercuryTours.TestCases.RegistrationWithSingleData" tests="2" failures="0" timestamp="11 Apr 2019 17:18:40 GMT" time="39.056" errors="0">
  <testcase name="NewUserRegistrationAndLoginWithSingleData" time="27.528" classname="mercuryTours.TestCases.RegistrationWithSingleData"/>
  <testcase name="NewUserRegistrationAndLoginWithSingleData" time="11.528" classname="mercuryTours.TestCases.RegistrationWithSingleData"/>
</testsuite> <!-- mercuryTours.TestCases.RegistrationWithSingleData -->
